<?xml version="1.0" encoding="UTF-8"?>
<testng-results ignored="0" total="0" passed="0" failed="0" skipped="0">
  <reporter-output>
  </reporter-output>
  <suite started-at="2022-12-30T08:10:29 BDT" name="Surefire suite" finished-at="2022-12-30T08:10:34 BDT" duration-ms="5374">
    <groups>
    </groups>
    <test started-at="2022-12-30T08:10:29 BDT" name="Surefire test" finished-at="2022-12-30T08:10:34 BDT" duration-ms="5374">
    </test> <!-- Surefire test -->
  </suite> <!-- Surefire suite -->
</testng-results>
